# JRE version: OpenJDK Runtime Environment GraalVM CE 22.3.0 (17.0.5+8) (build 17.0.5+8-jvmci-22.3-b08)
# Java VM: OpenJDK 64-Bit Server VM GraalVM CE 22.3.0 (17.0.5+8-jvmci-22.3-b08, mixed mode, sharing, tiered, jvmci, jvmci compiler, compressed oops, compressed class ptrs, parallel gc, linux-amd64)
GC Precious Log:
 CPUs: 8 total, 1 available
 Memory: 1024M
 Large Page Support: Disabled
 NUMA Support: Disabled
 Compressed Oops: Enabled (32-bit)
 Alignments: Space 512K, Generation 512K, Heap 2M
 Heap Min Capacity: 100M
 Heap Initial Capacity: 100M
 Heap Max Capacity: 512M
 Pre-touch: Disabled
 Parallel Workers: 1
Heap:
 PSYoungGen      total 20992K, used 16383K [0x00000000f5580000, 0x00000000f6f80000, 0x0000000100000000)
  eden space 16384K, 99% used [0x00000000f5580000,0x00000000f657fff0,0x00000000f6580000)
  from space 4608K, 0% used [0x00000000f6a00000,0x00000000f6a00000,0x00000000f6e80000)
  to   space 4096K, 0% used [0x00000000f6580000,0x00000000f6580000,0x00000000f6980000)
 ParOldGen       total 349696K, used 349695K [0x00000000e0000000, 0x00000000f5580000, 0x00000000f5580000)
  object space 349696K, 99% used [0x00000000e0000000,0x00000000f557fff8,0x00000000f5580000)
 Metaspace       used 53239K, committed 54208K, reserved 1097728K
  class space    used 5169K, committed 5568K, reserved 1048576K
GC Heap History (20 events):
Event: 323.343 GC heap before
{Heap before GC invocations=363 (full 256):
 PSYoungGen      total 20992K, used 16383K [0x00000000f5580000, 0x00000000f6f80000, 0x0000000100000000)
  eden space 16384K, 99% used [0x00000000f5580000,0x00000000f657ffe8,0x00000000f6580000)
  from space 4608K, 0% used [0x00000000f6a00000,0x00000000f6a00000,0x00000000f6e80000)
  to   space 4096K, 0% used [0x00000000f6580000,0x00000000f6580000,0x00000000f6980000)
 ParOldGen       total 349696K, used 349693K [0x00000000e0000000, 0x00000000f5580000, 0x00000000f5580000)
  object space 349696K, 99% used [0x00000000e0000000,0x00000000f557f430,0x00000000f5580000)
 Metaspace       used 53239K, committed 54208K, reserved 1097728K
  class space    used 5169K, committed 5568K, reserved 1048576K
}
Event: 324.502 GC heap after
{Heap after GC invocations=363 (full 256):
 PSYoungGen      total 20480K, used 16383K [0x00000000f5580000, 0x00000000f6f80000, 0x0000000100000000)
  eden space 16384K, 99% used [0x00000000f5580000,0x00000000f657ffe8,0x00000000f6580000)
  from space 4096K, 0% used [0x00000000f6580000,0x00000000f6580000,0x00000000f6980000)
  to   space 4608K, 0% used [0x00000000f6a00000,0x00000000f6a00000,0x00000000f6e80000)
 ParOldGen       total 349696K, used 349693K [0x00000000e0000000, 0x00000000f5580000, 0x00000000f5580000)
  object space 349696K, 99% used [0x00000000e0000000,0x00000000f557f430,0x00000000f5580000)
 Metaspace       used 53239K, committed 54208K, reserved 1097728K
  class space    used 5169K, committed 5568K, reserved 1048576K
}
Event: 324.503 GC heap before
{Heap before GC invocations=364 (full 257):
 PSYoungGen      total 20480K, used 16383K [0x00000000f5580000, 0x00000000f6f80000, 0x0000000100000000)
  eden space 16384K, 99% used [0x00000000f5580000,0x00000000f657fff8,0x00000000f6580000)
  from space 4096K, 0% used [0x00000000f6580000,0x00000000f6580000,0x00000000f6980000)
  to   space 4608K, 0% used [0x00000000f6a00000,0x00000000f6a00000,0x00000000f6e80000)
 ParOldGen       total 349696K, used 349695K [0x00000000e0000000, 0x00000000f5580000, 0x00000000f5580000)
  object space 349696K, 99% used [0x00000000e0000000,0x00000000f557fff8,0x00000000f5580000)
 Metaspace       used 53239K, committed 54208K, reserved 1097728K
  class space    used 5169K, committed 5568K, reserved 1048576K
}
Event: 325.525 GC heap after
{Heap after GC invocations=364 (full 257):
 PSYoungGen      total 20992K, used 16383K [0x00000000f5580000, 0x00000000f6f80000, 0x0000000100000000)
  eden space 16384K, 99% used [0x00000000f5580000,0x00000000f657ffc8,0x00000000f6580000)
  from space 4608K, 0% used [0x00000000f6a00000,0x00000000f6a00000,0x00000000f6e80000)
  to   space 4096K, 0% used [0x00000000f6580000,0x00000000f6580000,0x00000000f6980000)
 ParOldGen       total 349696K, used 349695K [0x00000000e0000000, 0x00000000f5580000, 0x00000000f5580000)
  object space 349696K, 99% used [0x00000000e0000000,0x00000000f557ffb8,0x00000000f5580000)
 Metaspace       used 53239K, committed 54208K, reserved 1097728K
  class space    used 5169K, committed 5568K, reserved 1048576K
}
Event: 325.525 GC heap before
{Heap before GC invocations=365 (full 258):
 PSYoungGen      total 20992K, used 16383K [0x00000000f5580000, 0x00000000f6f80000, 0x0000000100000000)
  eden space 16384K, 99% used [0x00000000f5580000,0x00000000f657fff0,0x00000000f6580000)
  from space 4608K, 0% used [0x00000000f6a00000,0x00000000f6a00000,0x00000000f6e80000)
  to   space 4096K, 0% used [0x00000000f6580000,0x00000000f6580000,0x00000000f6980000)
 ParOldGen       total 349696K, used 349695K [0x00000000e0000000, 0x00000000f5580000, 0x00000000f5580000)
  object space 349696K, 99% used [0x00000000e0000000,0x00000000f557ffb8,0x00000000f5580000)
 Metaspace       used 53239K, committed 54208K, reserved 1097728K
  class space    used 5169K, committed 5568K, reserved 1048576K
}
Event: 326.535 GC heap after
{Heap after GC invocations=365 (full 258):
 PSYoungGen      total 20480K, used 16383K [0x00000000f5580000, 0x00000000f6f80000, 0x0000000100000000)
  eden space 16384K, 99% used [0x00000000f5580000,0x00000000f657fff0,0x00000000f6580000)
  from space 4096K, 0% used [0x00000000f6580000,0x00000000f6580000,0x00000000f6980000)
  to   space 4608K, 0% used [0x00000000f6a00000,0x00000000f6a00000,0x00000000f6e80000)
 ParOldGen       total 349696K, used 349695K [0x00000000e0000000, 0x00000000f5580000, 0x00000000f5580000)
  object space 349696K, 99% used [0x00000000e0000000,0x00000000f557ffb8,0x00000000f5580000)
 Metaspace       used 53239K, committed 54208K, reserved 1097728K
  class space    used 5169K, committed 5568K, reserved 1048576K
}
Event: 326.535 GC heap before
{Heap before GC invocations=366 (full 259):
 PSYoungGen      total 20480K, used 16383K [0x00000000f5580000, 0x00000000f6f80000, 0x0000000100000000)
  eden space 16384K, 99% used [0x00000000f5580000,0x00000000f657fff0,0x00000000f6580000)
  from space 4096K, 0% used [0x00000000f6580000,0x00000000f6580000,0x00000000f6980000)
  to   space 4608K, 0% used [0x00000000f6a00000,0x00000000f6a00000,0x00000000f6e80000)
 ParOldGen       total 349696K, used 349696K [0x00000000e0000000, 0x00000000f5580000, 0x00000000f5580000)
  object space 349696K, 100% used [0x00000000e0000000,0x00000000f5580000,0x00000000f5580000)
 Metaspace       used 53239K, committed 54208K, reserved 1097728K
  class space    used 5169K, committed 5568K, reserved 1048576K
}
Event: 327.614 GC heap after
{Heap after GC invocations=366 (full 259):
 PSYoungGen      total 20992K, used 16383K [0x00000000f5580000, 0x00000000f6f80000, 0x0000000100000000)
  eden space 16384K, 99% used [0x00000000f5580000,0x00000000f657fff0,0x00000000f6580000)
  from space 4608K, 0% used [0x00000000f6a00000,0x00000000f6a00000,0x00000000f6e80000)
  to   space 4096K, 0% used [0x00000000f6580000,0x00000000f6580000,0x00000000f6980000)
 ParOldGen       total 349696K, used 349696K [0x00000000e0000000, 0x00000000f5580000, 0x00000000f5580000)
  object space 349696K, 100% used [0x00000000e0000000,0x00000000f5580000,0x00000000f5580000)
 Metaspace       used 53239K, committed 54208K, reserved 1097728K
  class space    used 5169K, committed 5568K, reserved 1048576K
}
Event: 327.614 GC heap before
{Heap before GC invocations=367 (full 260):
 PSYoungGen      total 20992K, used 16383K [0x00000000f5580000, 0x00000000f6f80000, 0x0000000100000000)
  eden space 16384K, 99% used [0x00000000f5580000,0x00000000f657fff0,0x00000000f6580000)
  from space 4608K, 0% used [0x00000000f6a00000,0x00000000f6a00000,0x00000000f6e80000)
  to   space 4096K, 0% used [0x00000000f6580000,0x00000000f6580000,0x00000000f6980000)
 ParOldGen       total 349696K, used 349696K [0x00000000e0000000, 0x00000000f5580000, 0x00000000f5580000)
  object space 349696K, 100% used [0x00000000e0000000,0x00000000f5580000,0x00000000f5580000)
 Metaspace       used 53239K, committed 54208K, reserved 1097728K
  class space    used 5169K, committed 5568K, reserved 1048576K
}
Event: 328.691 GC heap after
{Heap after GC invocations=367 (full 260):
 PSYoungGen      total 20480K, used 16383K [0x00000000f5580000, 0x00000000f6f80000, 0x0000000100000000)
  eden space 16384K, 99% used [0x00000000f5580000,0x00000000f657fff0,0x00000000f6580000)
  from space 4096K, 0% used [0x00000000f6580000,0x00000000f6580000,0x00000000f6980000)
  to   space 4608K, 0% used [0x00000000f6a00000,0x00000000f6a00000,0x00000000f6e80000)
 ParOldGen       total 349696K, used 349696K [0x00000000e0000000, 0x00000000f5580000, 0x00000000f5580000)
  object space 349696K, 100% used [0x00000000e0000000,0x00000000f5580000,0x00000000f5580000)
 Metaspace       used 53239K, committed 54208K, reserved 1097728K
  class space    used 5169K, committed 5568K, reserved 1048576K
}
Event: 328.692 GC heap before
{Heap before GC invocations=368 (full 261):
 PSYoungGen      total 20480K, used 16383K [0x00000000f5580000, 0x00000000f6f80000, 0x0000000100000000)
  eden space 16384K, 99% used [0x00000000f5580000,0x00000000f657fff0,0x00000000f6580000)
  from space 4096K, 0% used [0x00000000f6580000,0x00000000f6580000,0x00000000f6980000)
  to   space 4608K, 0% used [0x00000000f6a00000,0x00000000f6a00000,0x00000000f6e80000)
 ParOldGen       total 349696K, used 349696K [0x00000000e0000000, 0x00000000f5580000, 0x00000000f5580000)
  object space 349696K, 100% used [0x00000000e0000000,0x00000000f5580000,0x00000000f5580000)
 Metaspace       used 53239K, committed 54208K, reserved 1097728K
  class space    used 5169K, committed 5568K, reserved 1048576K
}
Event: 329.821 GC heap after
{Heap after GC invocations=368 (full 261):
 PSYoungGen      total 20992K, used 16383K [0x00000000f5580000, 0x00000000f6f80000, 0x0000000100000000)
  eden space 16384K, 99% used [0x00000000f5580000,0x00000000f657fff0,0x00000000f6580000)
  from space 4608K, 0% used [0x00000000f6a00000,0x00000000f6a00000,0x00000000f6e80000)
  to   space 4096K, 0% used [0x00000000f6580000,0x00000000f6580000,0x00000000f6980000)
 ParOldGen       total 349696K, used 349695K [0x00000000e0000000, 0x00000000f5580000, 0x00000000f5580000)
  object space 349696K, 99% used [0x00000000e0000000,0x00000000f557fcd0,0x00000000f5580000)
 Metaspace       used 53239K, committed 54208K, reserved 1097728K
  class space    used 5169K, committed 5568K, reserved 1048576K
}
Event: 329.822 GC heap before
{Heap before GC invocations=369 (full 262):
 PSYoungGen      total 20992K, used 16384K [0x00000000f5580000, 0x00000000f6f80000, 0x0000000100000000)
  eden space 16384K, 100% used [0x00000000f5580000,0x00000000f6580000,0x00000000f6580000)
  from space 4608K, 0% used [0x00000000f6a00000,0x00000000f6a00000,0x00000000f6e80000)
  to   space 4096K, 0% used [0x00000000f6580000,0x00000000f6580000,0x00000000f6980000)
 ParOldGen       total 349696K, used 349695K [0x00000000e0000000, 0x00000000f5580000, 0x00000000f5580000)
  object space 349696K, 99% used [0x00000000e0000000,0x00000000f557ff70,0x00000000f5580000)
 Metaspace       used 53239K, committed 54208K, reserved 1097728K
  class space    used 5169K, committed 5568K, reserved 1048576K
}
Event: 330.959 GC heap after
{Heap after GC invocations=369 (full 262):
 PSYoungGen      total 20480K, used 16383K [0x00000000f5580000, 0x00000000f6f80000, 0x0000000100000000)
  eden space 16384K, 99% used [0x00000000f5580000,0x00000000f657fff0,0x00000000f6580000)
  from space 4096K, 0% used [0x00000000f6580000,0x00000000f6580000,0x00000000f6980000)
  to   space 4608K, 0% used [0x00000000f6a00000,0x00000000f6a00000,0x00000000f6e80000)
 ParOldGen       total 349696K, used 349695K [0x00000000e0000000, 0x00000000f5580000, 0x00000000f5580000)
  object space 349696K, 99% used [0x00000000e0000000,0x00000000f557fe78,0x00000000f5580000)
 Metaspace       used 53239K, committed 54208K, reserved 1097728K
  class space    used 5169K, committed 5568K, reserved 1048576K
}
Event: 330.959 GC heap before
{Heap before GC invocations=370 (full 263):
 PSYoungGen      total 20480K, used 16383K [0x00000000f5580000, 0x00000000f6f80000, 0x0000000100000000)
  eden space 16384K, 99% used [0x00000000f5580000,0x00000000f657fff0,0x00000000f6580000)
  from space 4096K, 0% used [0x00000000f6580000,0x00000000f6580000,0x00000000f6980000)
  to   space 4608K, 0% used [0x00000000f6a00000,0x00000000f6a00000,0x00000000f6e80000)
 ParOldGen       total 349696K, used 349695K [0x00000000e0000000, 0x00000000f5580000, 0x00000000f5580000)
  object space 349696K, 99% used [0x00000000e0000000,0x00000000f557fe78,0x00000000f5580000)
 Metaspace       used 53239K, committed 54208K, reserved 1097728K
  class space    used 5169K, committed 5568K, reserved 1048576K
}
Event: 332.007 GC heap after
{Heap after GC invocations=370 (full 263):
 PSYoungGen      total 20992K, used 16383K [0x00000000f5580000, 0x00000000f6f80000, 0x0000000100000000)
  eden space 16384K, 99% used [0x00000000f5580000,0x00000000f657fff0,0x00000000f6580000)
  from space 4608K, 0% used [0x00000000f6a00000,0x00000000f6a00000,0x00000000f6e80000)
  to   space 4096K, 0% used [0x00000000f6580000,0x00000000f6580000,0x00000000f6980000)
 ParOldGen       total 349696K, used 349695K [0x00000000e0000000, 0x00000000f5580000, 0x00000000f5580000)
  object space 349696K, 99% used [0x00000000e0000000,0x00000000f557fe78,0x00000000f5580000)
 Metaspace       used 53239K, committed 54208K, reserved 1097728K
  class space    used 5169K, committed 5568K, reserved 1048576K
}
Event: 332.009 GC heap before
{Heap before GC invocations=371 (full 264):
 PSYoungGen      total 20992K, used 16383K [0x00000000f5580000, 0x00000000f6f80000, 0x0000000100000000)
  eden space 16384K, 99% used [0x00000000f5580000,0x00000000f657fff0,0x00000000f6580000)
  from space 4608K, 0% used [0x00000000f6a00000,0x00000000f6a00000,0x00000000f6e80000)
  to   space 4096K, 0% used [0x00000000f6580000,0x00000000f6580000,0x00000000f6980000)
 ParOldGen       total 349696K, used 349695K [0x00000000e0000000, 0x00000000f5580000, 0x00000000f5580000)
  object space 349696K, 99% used [0x00000000e0000000,0x00000000f557fe78,0x00000000f5580000)
 Metaspace       used 53239K, committed 54208K, reserved 1097728K
  class space    used 5169K, committed 5568K, reserved 1048576K
}
Event: 333.113 GC heap after
{Heap after GC invocations=371 (full 264):
 PSYoungGen      total 20480K, used 16383K [0x00000000f5580000, 0x00000000f6f80000, 0x0000000100000000)
  eden space 16384K, 99% used [0x00000000f5580000,0x00000000f657fff0,0x00000000f6580000)
  from space 4096K, 0% used [0x00000000f6580000,0x00000000f6580000,0x00000000f6980000)
  to   space 4608K, 0% used [0x00000000f6a00000,0x00000000f6a00000,0x00000000f6e80000)
 ParOldGen       total 349696K, used 349695K [0x00000000e0000000, 0x00000000f5580000, 0x00000000f5580000)
  object space 349696K, 99% used [0x00000000e0000000,0x00000000f557fe78,0x00000000f5580000)
 Metaspace       used 53239K, committed 54208K, reserved 1097728K
  class space    used 5169K, committed 5568K, reserved 1048576K
}
Event: 333.113 GC heap before
{Heap before GC invocations=372 (full 265):
 PSYoungGen      total 20480K, used 16383K [0x00000000f5580000, 0x00000000f6f80000, 0x0000000100000000)
  eden space 16384K, 99% used [0x00000000f5580000,0x00000000f657fff0,0x00000000f6580000)
  from space 4096K, 0% used [0x00000000f6580000,0x00000000f6580000,0x00000000f6980000)
  to   space 4608K, 0% used [0x00000000f6a00000,0x00000000f6a00000,0x00000000f6e80000)
 ParOldGen       total 349696K, used 349695K [0x00000000e0000000, 0x00000000f5580000, 0x00000000f5580000)
  object space 349696K, 99% used [0x00000000e0000000,0x00000000f557fe78,0x00000000f5580000)
 Metaspace       used 53239K, committed 54208K, reserved 1097728K
  class space    used 5169K, committed 5568K, reserved 1048576K
}
Event: 334.126 GC heap after
{Heap after GC invocations=372 (full 265):
 PSYoungGen      total 20992K, used 16383K [0x00000000f5580000, 0x00000000f6f80000, 0x0000000100000000)
  eden space 16384K, 99% used [0x00000000f5580000,0x00000000f657fff0,0x00000000f6580000)
  from space 4608K, 0% used [0x00000000f6a00000,0x00000000f6a00000,0x00000000f6e80000)
  to   space 4096K, 0% used [0x00000000f6580000,0x00000000f6580000,0x00000000f6980000)
 ParOldGen       total 349696K, used 349695K [0x00000000e0000000, 0x00000000f5580000, 0x00000000f5580000)
  object space 349696K, 99% used [0x00000000e0000000,0x00000000f557fe78,0x00000000f5580000)
 Metaspace       used 53239K, committed 54208K, reserved 1097728K
  class space    used 5169K, committed 5568K, reserved 1048576K
}

