# JRE version: OpenJDK Runtime Environment GraalVM CE 22.3.0 (17.0.5+8) (build 17.0.5+8-jvmci-22.3-b08)
# Java VM: OpenJDK 64-Bit Server VM GraalVM CE 22.3.0 (17.0.5+8-jvmci-22.3-b08, mixed mode, sharing, tiered, jvmci, jvmci compiler, compressed oops, compressed class ptrs, parallel gc, linux-amd64)
GC Precious Log:
 CPUs: 8 total, 1 available
 Memory: 1024M
 Large Page Support: Disabled
 NUMA Support: Disabled
 Compressed Oops: Enabled (32-bit)
 Alignments: Space 512K, Generation 512K, Heap 2M
 Heap Min Capacity: 100M
 Heap Initial Capacity: 100M
 Heap Max Capacity: 512M
 Pre-touch: Disabled
 Parallel Workers: 1
Heap:
 PSYoungGen      total 53248K, used 37888K [0x00000000f5580000, 0x00000000f9d80000, 0x0000000100000000)
  eden space 37888K, 100% used [0x00000000f5580000,0x00000000f7a80000,0x00000000f7a80000)
  from space 15360K, 0% used [0x00000000f8b80000,0x00000000f8b80000,0x00000000f9a80000)
  to   space 17408K, 0% used [0x00000000f7a80000,0x00000000f7a80000,0x00000000f8b80000)
 ParOldGen       total 349696K, used 349694K [0x00000000e0000000, 0x00000000f5580000, 0x00000000f5580000)
  object space 349696K, 99% used [0x00000000e0000000,0x00000000f557f838,0x00000000f5580000)
 Metaspace       used 54631K, committed 55424K, reserved 1105920K
  class space    used 5157K, committed 5568K, reserved 1048576K
GC Heap History (20 events):
Event: 979.193 GC heap before
{Heap before GC invocations=737 (full 644):
 PSYoungGen      total 53248K, used 37887K [0x00000000f5580000, 0x00000000f9d80000, 0x0000000100000000)
  eden space 37888K, 99% used [0x00000000f5580000,0x00000000f7a7fff8,0x00000000f7a80000)
  from space 15360K, 0% used [0x00000000f8b80000,0x00000000f8b80000,0x00000000f9a80000)
  to   space 17408K, 0% used [0x00000000f7a80000,0x00000000f7a80000,0x00000000f8b80000)
 ParOldGen       total 349696K, used 349690K [0x00000000e0000000, 0x00000000f5580000, 0x00000000f5580000)
  object space 349696K, 99% used [0x00000000e0000000,0x00000000f557e880,0x00000000f5580000)
 Metaspace       used 54631K, committed 55424K, reserved 1105920K
  class space    used 5157K, committed 5568K, reserved 1048576K
}
Event: 980.653 GC heap after
{Heap after GC invocations=737 (full 644):
 PSYoungGen      total 55296K, used 37887K [0x00000000f5580000, 0x00000000f9d80000, 0x0000000100000000)
  eden space 37888K, 99% used [0x00000000f5580000,0x00000000f7a7ffd0,0x00000000f7a80000)
  from space 17408K, 0% used [0x00000000f7a80000,0x00000000f7a80000,0x00000000f8b80000)
  to   space 15360K, 0% used [0x00000000f8b80000,0x00000000f8b80000,0x00000000f9a80000)
 ParOldGen       total 349696K, used 349690K [0x00000000e0000000, 0x00000000f5580000, 0x00000000f5580000)
  object space 349696K, 99% used [0x00000000e0000000,0x00000000f557e880,0x00000000f5580000)
 Metaspace       used 54631K, committed 55424K, reserved 1105920K
  class space    used 5157K, committed 5568K, reserved 1048576K
}
Event: 980.656 GC heap before
{Heap before GC invocations=738 (full 645):
 PSYoungGen      total 55296K, used 37887K [0x00000000f5580000, 0x00000000f9d80000, 0x0000000100000000)
  eden space 37888K, 99% used [0x00000000f5580000,0x00000000f7a7fff8,0x00000000f7a80000)
  from space 17408K, 0% used [0x00000000f7a80000,0x00000000f7a80000,0x00000000f8b80000)
  to   space 15360K, 0% used [0x00000000f8b80000,0x00000000f8b80000,0x00000000f9a80000)
 ParOldGen       total 349696K, used 349690K [0x00000000e0000000, 0x00000000f5580000, 0x00000000f5580000)
  object space 349696K, 99% used [0x00000000e0000000,0x00000000f557e880,0x00000000f5580000)
 Metaspace       used 54631K, committed 55424K, reserved 1105920K
  class space    used 5157K, committed 5568K, reserved 1048576K
}
Event: 982.099 GC heap after
{Heap after GC invocations=738 (full 645):
 PSYoungGen      total 53248K, used 37887K [0x00000000f5580000, 0x00000000f9d80000, 0x0000000100000000)
  eden space 37888K, 99% used [0x00000000f5580000,0x00000000f7a7ffd0,0x00000000f7a80000)
  from space 15360K, 0% used [0x00000000f8b80000,0x00000000f8b80000,0x00000000f9a80000)
  to   space 17408K, 0% used [0x00000000f7a80000,0x00000000f7a80000,0x00000000f8b80000)
 ParOldGen       total 349696K, used 349690K [0x00000000e0000000, 0x00000000f5580000, 0x00000000f5580000)
  object space 349696K, 99% used [0x00000000e0000000,0x00000000f557e880,0x00000000f5580000)
 Metaspace       used 54631K, committed 55424K, reserved 1105920K
  class space    used 5157K, committed 5568K, reserved 1048576K
}
Event: 982.100 GC heap before
{Heap before GC invocations=739 (full 646):
 PSYoungGen      total 53248K, used 37887K [0x00000000f5580000, 0x00000000f9d80000, 0x0000000100000000)
  eden space 37888K, 99% used [0x00000000f5580000,0x00000000f7a7fff8,0x00000000f7a80000)
  from space 15360K, 0% used [0x00000000f8b80000,0x00000000f8b80000,0x00000000f9a80000)
  to   space 17408K, 0% used [0x00000000f7a80000,0x00000000f7a80000,0x00000000f8b80000)
 ParOldGen       total 349696K, used 349692K [0x00000000e0000000, 0x00000000f5580000, 0x00000000f5580000)
  object space 349696K, 99% used [0x00000000e0000000,0x00000000f557f3c0,0x00000000f5580000)
 Metaspace       used 54631K, committed 55424K, reserved 1105920K
  class space    used 5157K, committed 5568K, reserved 1048576K
}
Event: 983.537 GC heap after
{Heap after GC invocations=739 (full 646):
 PSYoungGen      total 55296K, used 37887K [0x00000000f5580000, 0x00000000f9d80000, 0x0000000100000000)
  eden space 37888K, 99% used [0x00000000f5580000,0x00000000f7a7ffd0,0x00000000f7a80000)
  from space 17408K, 0% used [0x00000000f7a80000,0x00000000f7a80000,0x00000000f8b80000)
  to   space 15360K, 0% used [0x00000000f8b80000,0x00000000f8b80000,0x00000000f9a80000)
 ParOldGen       total 349696K, used 349691K [0x00000000e0000000, 0x00000000f5580000, 0x00000000f5580000)
  object space 349696K, 99% used [0x00000000e0000000,0x00000000f557ed40,0x00000000f5580000)
 Metaspace       used 54631K, committed 55424K, reserved 1105920K
  class space    used 5157K, committed 5568K, reserved 1048576K
}
Event: 983.539 GC heap before
{Heap before GC invocations=740 (full 647):
 PSYoungGen      total 55296K, used 37887K [0x00000000f5580000, 0x00000000f9d80000, 0x0000000100000000)
  eden space 37888K, 99% used [0x00000000f5580000,0x00000000f7a7ffe8,0x00000000f7a80000)
  from space 17408K, 0% used [0x00000000f7a80000,0x00000000f7a80000,0x00000000f8b80000)
  to   space 15360K, 0% used [0x00000000f8b80000,0x00000000f8b80000,0x00000000f9a80000)
 ParOldGen       total 349696K, used 349691K [0x00000000e0000000, 0x00000000f5580000, 0x00000000f5580000)
  object space 349696K, 99% used [0x00000000e0000000,0x00000000f557ed40,0x00000000f5580000)
 Metaspace       used 54631K, committed 55424K, reserved 1105920K
  class space    used 5157K, committed 5568K, reserved 1048576K
}
Event: 985.071 GC heap after
{Heap after GC invocations=740 (full 647):
 PSYoungGen      total 53248K, used 37887K [0x00000000f5580000, 0x00000000f9d80000, 0x0000000100000000)
  eden space 37888K, 99% used [0x00000000f5580000,0x00000000f7a7ffe8,0x00000000f7a80000)
  from space 15360K, 0% used [0x00000000f8b80000,0x00000000f8b80000,0x00000000f9a80000)
  to   space 17408K, 0% used [0x00000000f7a80000,0x00000000f7a80000,0x00000000f8b80000)
 ParOldGen       total 349696K, used 349691K [0x00000000e0000000, 0x00000000f5580000, 0x00000000f5580000)
  object space 349696K, 99% used [0x00000000e0000000,0x00000000f557ed40,0x00000000f5580000)
 Metaspace       used 54631K, committed 55424K, reserved 1105920K
  class space    used 5157K, committed 5568K, reserved 1048576K
}
Event: 985.074 GC heap before
{Heap before GC invocations=741 (full 648):
 PSYoungGen      total 53248K, used 37888K [0x00000000f5580000, 0x00000000f9d80000, 0x0000000100000000)
  eden space 37888K, 100% used [0x00000000f5580000,0x00000000f7a80000,0x00000000f7a80000)
  from space 15360K, 0% used [0x00000000f8b80000,0x00000000f8b80000,0x00000000f9a80000)
  to   space 17408K, 0% used [0x00000000f7a80000,0x00000000f7a80000,0x00000000f8b80000)
 ParOldGen       total 349696K, used 349693K [0x00000000e0000000, 0x00000000f5580000, 0x00000000f5580000)
  object space 349696K, 99% used [0x00000000e0000000,0x00000000f557f608,0x00000000f5580000)
 Metaspace       used 54631K, committed 55424K, reserved 1105920K
  class space    used 5157K, committed 5568K, reserved 1048576K
}
Event: 986.459 GC heap after
{Heap after GC invocations=741 (full 648):
 PSYoungGen      total 55296K, used 37887K [0x00000000f5580000, 0x00000000f9d80000, 0x0000000100000000)
  eden space 37888K, 99% used [0x00000000f5580000,0x00000000f7a7ffd0,0x00000000f7a80000)
  from space 17408K, 0% used [0x00000000f7a80000,0x00000000f7a80000,0x00000000f8b80000)
  to   space 15360K, 0% used [0x00000000f8b80000,0x00000000f8b80000,0x00000000f9a80000)
 ParOldGen       total 349696K, used 349692K [0x00000000e0000000, 0x00000000f5580000, 0x00000000f5580000)
  object space 349696K, 99% used [0x00000000e0000000,0x00000000f557f0e0,0x00000000f5580000)
 Metaspace       used 54631K, committed 55424K, reserved 1105920K
  class space    used 5157K, committed 5568K, reserved 1048576K
}
Event: 986.459 GC heap before
{Heap before GC invocations=742 (full 649):
 PSYoungGen      total 55296K, used 37887K [0x00000000f5580000, 0x00000000f9d80000, 0x0000000100000000)
  eden space 37888K, 99% used [0x00000000f5580000,0x00000000f7a7fff0,0x00000000f7a80000)
  from space 17408K, 0% used [0x00000000f7a80000,0x00000000f7a80000,0x00000000f8b80000)
  to   space 15360K, 0% used [0x00000000f8b80000,0x00000000f8b80000,0x00000000f9a80000)
 ParOldGen       total 349696K, used 349692K [0x00000000e0000000, 0x00000000f5580000, 0x00000000f5580000)
  object space 349696K, 99% used [0x00000000e0000000,0x00000000f557f0e0,0x00000000f5580000)
 Metaspace       used 54631K, committed 55424K, reserved 1105920K
  class space    used 5157K, committed 5568K, reserved 1048576K
}
Event: 987.875 GC heap after
{Heap after GC invocations=742 (full 649):
 PSYoungGen      total 53248K, used 37887K [0x00000000f5580000, 0x00000000f9d80000, 0x0000000100000000)
  eden space 37888K, 99% used [0x00000000f5580000,0x00000000f7a7ffd0,0x00000000f7a80000)
  from space 15360K, 0% used [0x00000000f8b80000,0x00000000f8b80000,0x00000000f9a80000)
  to   space 17408K, 0% used [0x00000000f7a80000,0x00000000f7a80000,0x00000000f8b80000)
 ParOldGen       total 349696K, used 349692K [0x00000000e0000000, 0x00000000f5580000, 0x00000000f5580000)
  object space 349696K, 99% used [0x00000000e0000000,0x00000000f557f0e0,0x00000000f5580000)
 Metaspace       used 54631K, committed 55424K, reserved 1105920K
  class space    used 5157K, committed 5568K, reserved 1048576K
}
Event: 987.876 GC heap before
{Heap before GC invocations=743 (full 650):
 PSYoungGen      total 53248K, used 37888K [0x00000000f5580000, 0x00000000f9d80000, 0x0000000100000000)
  eden space 37888K, 100% used [0x00000000f5580000,0x00000000f7a80000,0x00000000f7a80000)
  from space 15360K, 0% used [0x00000000f8b80000,0x00000000f8b80000,0x00000000f9a80000)
  to   space 17408K, 0% used [0x00000000f7a80000,0x00000000f7a80000,0x00000000f8b80000)
 ParOldGen       total 349696K, used 349692K [0x00000000e0000000, 0x00000000f5580000, 0x00000000f5580000)
  object space 349696K, 99% used [0x00000000e0000000,0x00000000f557f0e0,0x00000000f5580000)
 Metaspace       used 54631K, committed 55424K, reserved 1105920K
  class space    used 5157K, committed 5568K, reserved 1048576K
}
Event: 989.274 GC heap after
{Heap after GC invocations=743 (full 650):
 PSYoungGen      total 55296K, used 37888K [0x00000000f5580000, 0x00000000f9d80000, 0x0000000100000000)
  eden space 37888K, 100% used [0x00000000f5580000,0x00000000f7a80000,0x00000000f7a80000)
  from space 17408K, 0% used [0x00000000f7a80000,0x00000000f7a80000,0x00000000f8b80000)
  to   space 15360K, 0% used [0x00000000f8b80000,0x00000000f8b80000,0x00000000f9a80000)
 ParOldGen       total 349696K, used 349692K [0x00000000e0000000, 0x00000000f5580000, 0x00000000f5580000)
  object space 349696K, 99% used [0x00000000e0000000,0x00000000f557f0b0,0x00000000f5580000)
 Metaspace       used 54631K, committed 55424K, reserved 1105920K
  class space    used 5157K, committed 5568K, reserved 1048576K
}
Event: 989.274 GC heap before
{Heap before GC invocations=744 (full 651):
 PSYoungGen      total 55296K, used 37888K [0x00000000f5580000, 0x00000000f9d80000, 0x0000000100000000)
  eden space 37888K, 100% used [0x00000000f5580000,0x00000000f7a80000,0x00000000f7a80000)
  from space 17408K, 0% used [0x00000000f7a80000,0x00000000f7a80000,0x00000000f8b80000)
  to   space 15360K, 0% used [0x00000000f8b80000,0x00000000f8b80000,0x00000000f9a80000)
 ParOldGen       total 349696K, used 349694K [0x00000000e0000000, 0x00000000f5580000, 0x00000000f5580000)
  object space 349696K, 99% used [0x00000000e0000000,0x00000000f557fac8,0x00000000f5580000)
 Metaspace       used 54631K, committed 55424K, reserved 1105920K
  class space    used 5157K, committed 5568K, reserved 1048576K
}
Event: 990.670 GC heap after
{Heap after GC invocations=744 (full 651):
 PSYoungGen      total 53248K, used 37888K [0x00000000f5580000, 0x00000000f9d80000, 0x0000000100000000)
  eden space 37888K, 100% used [0x00000000f5580000,0x00000000f7a80000,0x00000000f7a80000)
  from space 15360K, 0% used [0x00000000f8b80000,0x00000000f8b80000,0x00000000f9a80000)
  to   space 17408K, 0% used [0x00000000f7a80000,0x00000000f7a80000,0x00000000f8b80000)
 ParOldGen       total 349696K, used 349693K [0x00000000e0000000, 0x00000000f5580000, 0x00000000f5580000)
  object space 349696K, 99% used [0x00000000e0000000,0x00000000f557f6e0,0x00000000f5580000)
 Metaspace       used 54631K, committed 55424K, reserved 1105920K
  class space    used 5157K, committed 5568K, reserved 1048576K
}
Event: 990.674 GC heap before
{Heap before GC invocations=745 (full 652):
 PSYoungGen      total 53248K, used 37888K [0x00000000f5580000, 0x00000000f9d80000, 0x0000000100000000)
  eden space 37888K, 100% used [0x00000000f5580000,0x00000000f7a80000,0x00000000f7a80000)
  from space 15360K, 0% used [0x00000000f8b80000,0x00000000f8b80000,0x00000000f9a80000)
  to   space 17408K, 0% used [0x00000000f7a80000,0x00000000f7a80000,0x00000000f8b80000)
 ParOldGen       total 349696K, used 349694K [0x00000000e0000000, 0x00000000f5580000, 0x00000000f5580000)
  object space 349696K, 99% used [0x00000000e0000000,0x00000000f557faa8,0x00000000f5580000)
 Metaspace       used 54631K, committed 55424K, reserved 1105920K
  class space    used 5157K, committed 5568K, reserved 1048576K
}
Event: 992.234 GC heap after
{Heap after GC invocations=745 (full 652):
 PSYoungGen      total 55296K, used 37888K [0x00000000f5580000, 0x00000000f9d80000, 0x0000000100000000)
  eden space 37888K, 100% used [0x00000000f5580000,0x00000000f7a80000,0x00000000f7a80000)
  from space 17408K, 0% used [0x00000000f7a80000,0x00000000f7a80000,0x00000000f8b80000)
  to   space 15360K, 0% used [0x00000000f8b80000,0x00000000f8b80000,0x00000000f9a80000)
 ParOldGen       total 349696K, used 349693K [0x00000000e0000000, 0x00000000f5580000, 0x00000000f5580000)
  object space 349696K, 99% used [0x00000000e0000000,0x00000000f557f718,0x00000000f5580000)
 Metaspace       used 54631K, committed 55424K, reserved 1105920K
  class space    used 5157K, committed 5568K, reserved 1048576K
}
Event: 992.234 GC heap before
{Heap before GC invocations=746 (full 653):
 PSYoungGen      total 55296K, used 37888K [0x00000000f5580000, 0x00000000f9d80000, 0x0000000100000000)
  eden space 37888K, 100% used [0x00000000f5580000,0x00000000f7a80000,0x00000000f7a80000)
  from space 17408K, 0% used [0x00000000f7a80000,0x00000000f7a80000,0x00000000f8b80000)
  to   space 15360K, 0% used [0x00000000f8b80000,0x00000000f8b80000,0x00000000f9a80000)
 ParOldGen       total 349696K, used 349693K [0x00000000e0000000, 0x00000000f5580000, 0x00000000f5580000)
  object space 349696K, 99% used [0x00000000e0000000,0x00000000f557f718,0x00000000f5580000)
 Metaspace       used 54631K, committed 55424K, reserved 1105920K
  class space    used 5157K, committed 5568K, reserved 1048576K
}
Event: 993.590 GC heap after
{Heap after GC invocations=746 (full 653):
 PSYoungGen      total 53248K, used 37888K [0x00000000f5580000, 0x00000000f9d80000, 0x0000000100000000)
  eden space 37888K, 100% used [0x00000000f5580000,0x00000000f7a80000,0x00000000f7a80000)
  from space 15360K, 0% used [0x00000000f8b80000,0x00000000f8b80000,0x00000000f9a80000)
  to   space 17408K, 0% used [0x00000000f7a80000,0x00000000f7a80000,0x00000000f8b80000)
 ParOldGen       total 349696K, used 349693K [0x00000000e0000000, 0x00000000f5580000, 0x00000000f5580000)
  object space 349696K, 99% used [0x00000000e0000000,0x00000000f557f718,0x00000000f5580000)
 Metaspace       used 54631K, committed 55424K, reserved 1105920K
  class space    used 5157K, committed 5568K, reserved 1048576K
}

